C51 COMPILER V9.60.0.0   DS1302                                                            07/08/2022 00:05:42 PAGE 1   


C51 COMPILER V9.60.0.0, COMPILATION OF MODULE DS1302
OBJECT MODULE PLACED IN .\Objects\DS1302.obj
COMPILER INVOKED BY: C:\Keil_v5\C51\BIN\C51.EXE ..\Source\DS1302.c OPTIMIZE(8,SPEED) BROWSE DEBUG OBJECTEXTEND PRINT(.\L
                    -istings\DS1302.lst) TABS(2) OBJECT(.\Objects\DS1302.obj)

line level    source

   1          /*
   2          *   DS1302.c
   3          */
   4          
   5          //#include "reg52.h"
   6          #include "ElectricClock.h"
   7          
   8          sbit IO = P3^4;   // 双向数据输入输出
   9          sbit CE = P3^5;   // 使能?
  10          sbit SCLK = P3^6; // 串行时钟输入端，控制数据输入输出
  11          
  12          // DS1302写入数据
  13          void Ds1302WriteByte(BYTE byComByte, BYTE byData)
  14          {
  15   1        int i;
  16   1      
  17   1        CE = 0;
  18   1        SCLK = 0;
  19   1        CE = 1;
  20   1      
  21   1        // 写命令字节
  22   1        for(i = 0; i < 8; i++)
  23   1        {
  24   2          SCLK = 0;
  25   2          IO = (byComByte & 0x01); // 最低位先传
  26   2          SCLK = 1;
  27   2          byComByte >>= 1;    
  28   2        }
  29   1      
  30   1        // 周期写入数据
  31   1        for(i = 0; i < 8; i++)
  32   1        {
  33   2          SCLK = 0;
  34   2          IO = (byData & 0x01);
  35   2          SCLK = 1;
  36   2          byData >>= 1;
  37   2        }
  38   1      
  39   1        CE = 0; // 拉低使能端，关闭读写功能
  40   1      
  41   1        DelayMs(2); 
  42   1      }
  43          
  44          
  45          // DS1302读取数据
  46          BYTE Ds1302ReadByte(BYTE byComByte)
  47          {
  48   1        BYTE byData;
  49   1        int i;
  50   1      
  51   1        CE = 0;
  52   1        SCLK = 0;
  53   1        CE = 1;
  54   1      
C51 COMPILER V9.60.0.0   DS1302                                                            07/08/2022 00:05:42 PAGE 2   

  55   1        // 写命令字节
  56   1        for(i = 0; i < 8; i++)
  57   1        {
  58   2          SCLK = 0;
  59   2          IO = (byComByte & 0x01); // 最低位先传
  60   2          SCLK = 1;
  61   2          byComByte >>= 1;
  62   2          
  63   2        }
  64   1        
  65   1        // 周期读出数据
  66   1        for(i = 0; i < 8; i++)
  67   1        {
  68   2          SCLK = 0;
  69   2          byData >>= 1;
  70   2          if(IO)
  71   2          {
  72   3            byData |= 0x80; // 对最高位置高
  73   3          }
  74   2          SCLK = 1;   
  75   2        }
  76   1      
  77   1        CE = 0;
  78   1      
  79   1        DelayMs(1);
  80   1        
  81   1        return byData;
  82   1      }
  83          
  84          
  85          // 开关写保护
  86          void Ds1302WriteProtect(BOOL bMode)
  87          {
  88   1        // 打开写保护
  89   1        if(bMode == TRUE)
  90   1        {
  91   2          Ds1302WriteByte(0x8e, 0x80);
  92   2        }
  93   1        // 关闭写保护
  94   1        if(bMode == FALSE)
  95   1        {
  96   2          Ds1302WriteByte(0x8e, 0);
  97   2        }
  98   1      }
  99          
 100          
 101          // dat转BCD
 102          BYTE DatToBcd(BYTE byDat) // 数据转BCD码
 103          {
 104   1        BYTE byDat1;
 105   1        byDat1 = ((byDat & 0xf0) >> 4) * 10 + (byDat & 0x0f);
 106   1      
 107   1        return byDat1;
 108   1      }
 109          
 110          
 111          // BCD转dat
 112          BYTE BcdToDat(BYTE byDat)
 113          {
 114   1        BYTE byDat1, byDat2;
 115   1        
 116   1        byDat1 = byDat  / 16;
C51 COMPILER V9.60.0.0   DS1302                                                            07/08/2022 00:05:42 PAGE 3   

 117   1        byDat2 = byDat  % 16;
 118   1        byDat2 = byDat2 + byDat1 * 10;
 119   1        
 120   1        return byDat2;
 121   1      }
 122          
 123          


MODULE INFORMATION:   STATIC OVERLAYABLE
   CODE SIZE        =    207    ----
   CONSTANT SIZE    =   ----    ----
   XDATA SIZE       =   ----    ----
   PDATA SIZE       =   ----    ----
   DATA SIZE        =   ----       2
   IDATA SIZE       =   ----    ----
   BIT SIZE         =   ----    ----
END OF MODULE INFORMATION.


C51 COMPILATION COMPLETE.  0 WARNING(S),  0 ERROR(S)
